INFO 2026-01-06 10:03:27,128 autoreload 9116 15904 Watching for file changes with StatReloader
INFO 2026-01-06 10:03:39,975 views 9116 1020 ??????????
INFO 2026-01-06 10:03:39,995 log 9116 1020 "GET / HTTP/1.1" 200 4906
WARNING 2026-01-06 10:03:41,150 log 9116 1020 Not Found: /favicon.ico
WARNING 2026-01-06 10:03:41,151 log 9116 1020 "GET /favicon.ico HTTP/1.1" 404 2567
INFO 2026-01-06 10:06:12,315 views 9116 1020 ???????AI?????????
INFO 2026-01-06 10:06:12,316 views 9116 1020 AI??????????: True
INFO 2026-01-06 10:06:12,318 views 9116 1020 ???????????: D:\code\project\Format_specifications\media\uploaded_words\??????.docx, ?????: D:\code\project\Format_specifications\media\ai_formatted_words\??????(??).docx
INFO 2026-01-06 10:06:13,887 ai_word_utils 9116 1020 AI?????????????????
INFO 2026-01-06 10:06:13,887 word_formatter 9116 1020 AIWordFormatter????????????: D:\code\project\Format_specifications\media\uploaded_words\??????.docx, AI????: True
INFO 2026-01-06 10:06:13,887 word_formatter 9116 1020 ?????????????????: D:\code\project\Format_specifications\media\uploaded_words\??????.docx?????: D:\code\project\Format_specifications\media\ai_formatted_words\??????(??).docx
INFO 2026-01-06 10:06:13,888 word_formatter 9116 1020 ??????????§Ø???
INFO 2026-01-06 10:06:13,888 word_formatter 9116 1020 ??? 3 ??????
INFO 2026-01-06 10:06:13,889 word_formatter 9116 1020 ???????????????: 309 ???
INFO 2026-01-06 10:06:13,889 word_formatter 9116 1020 ???AI???????...
INFO 2026-01-06 10:06:13,889 ai_word_utils 9116 1020 ???AI??????????????????: 309 ???
INFO 2026-01-06 10:06:13,889 ai_word_utils 9116 1020 ???????????AI???...
INFO 2026-01-06 10:06:27,613 ai_word_utils 9116 1020 AI??????????????????????: 328 ???
INFO 2026-01-06 10:06:27,613 word_formatter 9116 1020 AI??????????
INFO 2026-01-06 10:06:27,614 word_formatter 9116 1020 ???????????: 1
INFO 2026-01-06 10:06:27,616 word_formatter 9116 1020 ?????????
INFO 2026-01-06 10:06:27,617 word_formatter 9116 1020 ???? 0 ??????
INFO 2026-01-06 10:06:27,617 word_formatter 9116 1020 ?????????
INFO 2026-01-06 10:06:27,617 word_formatter 9116 1020 ???????????§Ö???
INFO 2026-01-06 10:06:27,618 word_formatter 9116 1020 ??????????? 0 ??????????????§Ø???
INFO 2026-01-06 10:06:27,618 word_formatter 9116 1020 ?????????
INFO 2026-01-06 10:06:27,654 word_formatter 9116 1020 ?????????????????: D:\code\project\Format_specifications\media\ai_formatted_words\??????(??).docx
INFO 2026-01-06 10:06:27,655 views 9116 1020 ???????????
INFO 2026-01-06 10:06:27,656 views 9116 1020 ???????: ??????.docx, ?????????: ??????(??).docx
INFO 2026-01-06 10:06:27,751 log 9116 1020 "POST /ai_format/ HTTP/1.1" 200 528783
INFO 2026-01-06 10:19:46,318 autoreload 9116 15904 D:\code\project\Format_specifications\format_specifications\settings.py changed, reloading.
INFO 2026-01-06 10:19:47,480 autoreload 8600 5972 Watching for file changes with StatReloader
INFO 2026-01-06 10:20:09,995 autoreload 8600 5972 D:\code\project\Format_specifications\format_specifications\settings.py changed, reloading.
INFO 2026-01-06 10:20:11,011 autoreload 4388 17952 Watching for file changes with StatReloader
INFO 2026-01-06 10:20:27,042 views 4388 11156 å¼€å§‹å¤„ç†AIæ ¼å¼åŒ–è¯·æ±‚
INFO 2026-01-06 10:20:27,043 views 4388 11156 AIåŠŸèƒ½å¯ç”¨çŠ¶æ€: True
INFO 2026-01-06 10:20:27,045 views 4388 11156 å¼€å§‹æ ¼å¼åŒ–æ–‡ä»¶: D:\code\project\Format_specifications\media\uploaded_words\å¹´åº¦æ€»ç»“.docx, è¾“å‡ºåˆ°: D:\code\project\Format_specifications\media\ai_formatted_words\å¹´åº¦æ€»ç»“(æ”¹).docx
INFO 2026-01-06 10:20:28,529 ai_word_utils 4388 11156 AIæ–‡æœ¬å¤„ç†å™¨åˆå§‹åŒ–å®Œæˆ
INFO 2026-01-06 10:20:28,530 word_formatter 4388 11156 AIWordFormatteråˆå§‹åŒ–å®Œæˆï¼Œæ–‡ä»¶: D:\code\project\Format_specifications\media\uploaded_words\å¹´åº¦æ€»ç»“.docx, AIå¯ç”¨: True
INFO 2026-01-06 10:20:28,530 word_formatter 4388 11156 å¼€å§‹æ ¼å¼åŒ–æ–‡ä»¶ï¼Œè¾“å…¥: D:\code\project\Format_specifications\media\uploaded_words\å¹´åº¦æ€»ç»“.docxï¼Œè¾“å‡º: D:\code\project\Format_specifications\media\ai_formatted_words\å¹´åº¦æ€»ç»“(æ”¹).docx
INFO 2026-01-06 10:20:28,530 word_formatter 4388 11156 å¼€å§‹å¤„ç†æ‰€æœ‰æ®µè½
INFO 2026-01-06 10:20:28,531 word_formatter 4388 11156 æ£€æµ‹åˆ° 3 ä¸ªæ®µè½
INFO 2026-01-06 10:20:28,531 word_formatter 4388 11156 åˆå¹¶åŸå§‹æ–‡æœ¬ï¼Œæ€»é•¿åº¦: 309 å­—ç¬¦
INFO 2026-01-06 10:20:28,532 word_formatter 4388 11156 å¼€å§‹AIæ–‡æœ¬å¤„ç†...
INFO 2026-01-06 10:20:28,532 ai_word_utils 4388 11156 å¼€å§‹AIæ–‡æœ¬å¤„ç†ï¼ŒåŸå§‹æ–‡æœ¬é•¿åº¦: 309 å­—ç¬¦
INFO 2026-01-06 10:20:28,532 ai_word_utils 4388 11156 æ­£åœ¨è°ƒç”¨æ™ºè°±AIæ¥å£...
INFO 2026-01-06 10:20:46,698 ai_word_utils 4388 11156 AIæ–‡æœ¬å¤„ç†å®Œæˆï¼Œè¿”å›æ–‡æœ¬é•¿åº¦: 23 å­—ç¬¦
INFO 2026-01-06 10:20:46,698 word_formatter 4388 11156 AIæ–‡æœ¬å¤„ç†å®Œæˆ
INFO 2026-01-06 10:20:46,698 word_formatter 4388 11156 å¤„ç†åæ®µè½æ•°: 1
INFO 2026-01-06 10:20:46,700 word_formatter 4388 11156 æ®µè½å¤„ç†å®Œæˆ
INFO 2026-01-06 10:20:46,700 word_formatter 4388 11156 å¤„ç† 0 ä¸ªè¡¨æ ¼
INFO 2026-01-06 10:20:46,701 word_formatter 4388 11156 è¡¨æ ¼å¤„ç†å®Œæˆ
INFO 2026-01-06 10:20:46,701 word_formatter 4388 11156 å¼€å§‹å¤„ç†æ–‡æ¡£ä¸­çš„å›¾ç‰‡
INFO 2026-01-06 10:20:46,701 word_formatter 4388 11156 å…±æ£€æµ‹å¹¶å¤„ç†äº† 0 å¼ å›¾ç‰‡ï¼Œå·²è®¾ç½®å±…ä¸­å¯¹é½
INFO 2026-01-06 10:20:46,702 word_formatter 4388 11156 å›¾ç‰‡å¤„ç†å®Œæˆ
INFO 2026-01-06 10:20:46,729 word_formatter 4388 11156 æ ¼å¼åŒ–å®Œæˆï¼Œæ–‡ä»¶å·²ä¿å­˜: D:\code\project\Format_specifications\media\ai_formatted_words\å¹´åº¦æ€»ç»“(æ”¹).docx
INFO 2026-01-06 10:20:46,730 views 4388 11156 æ–‡ä»¶æ ¼å¼åŒ–å®Œæˆ
INFO 2026-01-06 10:20:46,730 views 4388 11156 åŸå§‹æ–‡ä»¶å: å¹´åº¦æ€»ç»“.docx, ç”Ÿæˆæ–‡ä»¶å: å¹´åº¦æ€»ç»“(æ”¹).docx
INFO 2026-01-06 10:20:46,825 log 4388 11156 "POST /ai_format/ HTTP/1.1" 200 528106
INFO 2026-01-06 10:26:15,064 autoreload 4388 17952 D:\code\project\Format_specifications\format_specifications\views.py changed, reloading.
INFO 2026-01-06 10:26:16,215 autoreload 11948 15084 Watching for file changes with StatReloader
INFO 2026-01-06 10:26:32,199 views 11948 21740 å¼€å§‹å¤„ç†AIæ ¼å¼åŒ–è¯·æ±‚
INFO 2026-01-06 10:26:32,200 views 11948 21740 AIåŠŸèƒ½å¯ç”¨çŠ¶æ€: True
INFO 2026-01-06 10:26:32,202 views 11948 21740 å¼€å§‹æ ¼å¼åŒ–æ–‡ä»¶: D:\code\project\Format_specifications\media\uploaded_words\å¹´åº¦æ€»ç»“.docx, è¾“å‡ºåˆ°: D:\code\project\Format_specifications\media\ai_formatted_words\å¹´åº¦æ€»ç»“(æ”¹).docx
INFO 2026-01-06 10:26:33,750 ai_word_utils 11948 21740 AIæ–‡æœ¬å¤„ç†å™¨åˆå§‹åŒ–å®Œæˆ
INFO 2026-01-06 10:26:33,750 word_formatter 11948 21740 AIWordFormatteråˆå§‹åŒ–å®Œæˆï¼Œæ–‡ä»¶: D:\code\project\Format_specifications\media\uploaded_words\å¹´åº¦æ€»ç»“.docx, AIå¯ç”¨: True
INFO 2026-01-06 10:26:33,751 word_formatter 11948 21740 å¼€å§‹æ ¼å¼åŒ–æ–‡ä»¶ï¼Œè¾“å…¥: D:\code\project\Format_specifications\media\uploaded_words\å¹´åº¦æ€»ç»“.docxï¼Œè¾“å‡º: D:\code\project\Format_specifications\media\ai_formatted_words\å¹´åº¦æ€»ç»“(æ”¹).docx
INFO 2026-01-06 10:26:33,751 word_formatter 11948 21740 å¼€å§‹å¤„ç†æ‰€æœ‰æ®µè½
INFO 2026-01-06 10:26:33,751 word_formatter 11948 21740 æ£€æµ‹åˆ° 3 ä¸ªæ®µè½
INFO 2026-01-06 10:26:33,751 word_formatter 11948 21740 åˆå¹¶åŸå§‹æ–‡æœ¬ï¼Œæ€»é•¿åº¦: 309 å­—ç¬¦
INFO 2026-01-06 10:26:33,752 word_formatter 11948 21740 å¼€å§‹AIæ–‡æœ¬å¤„ç†...
INFO 2026-01-06 10:26:33,752 ai_word_utils 11948 21740 å¼€å§‹AIæ–‡æœ¬å¤„ç†ï¼ŒåŸå§‹æ–‡æœ¬é•¿åº¦: 309 å­—ç¬¦
INFO 2026-01-06 10:26:33,752 ai_word_utils 11948 21740 æ­£åœ¨è°ƒç”¨æ™ºè°±AIæ¥å£...
INFO 2026-01-06 10:26:51,153 ai_word_utils 11948 21740 AIæ–‡æœ¬å¤„ç†å®Œæˆï¼Œè¿”å›æ–‡æœ¬é•¿åº¦: 103 å­—ç¬¦
INFO 2026-01-06 10:26:51,154 word_formatter 11948 21740 AIæ–‡æœ¬å¤„ç†å®Œæˆ
INFO 2026-01-06 10:26:51,154 word_formatter 11948 21740 å¤„ç†åæ®µè½æ•°: 1
INFO 2026-01-06 10:26:51,156 word_formatter 11948 21740 æ®µè½å¤„ç†å®Œæˆ
INFO 2026-01-06 10:26:51,156 word_formatter 11948 21740 å¤„ç† 0 ä¸ªè¡¨æ ¼
INFO 2026-01-06 10:26:51,156 word_formatter 11948 21740 è¡¨æ ¼å¤„ç†å®Œæˆ
INFO 2026-01-06 10:26:51,157 word_formatter 11948 21740 å¼€å§‹å¤„ç†æ–‡æ¡£ä¸­çš„å›¾ç‰‡
INFO 2026-01-06 10:26:51,157 word_formatter 11948 21740 å…±æ£€æµ‹å¹¶å¤„ç†äº† 0 å¼ å›¾ç‰‡ï¼Œå·²è®¾ç½®å±…ä¸­å¯¹é½
INFO 2026-01-06 10:26:51,158 word_formatter 11948 21740 å›¾ç‰‡å¤„ç†å®Œæˆ
INFO 2026-01-06 10:26:51,189 word_formatter 11948 21740 æ ¼å¼åŒ–å®Œæˆï¼Œæ–‡ä»¶å·²ä¿å­˜: D:\code\project\Format_specifications\media\ai_formatted_words\å¹´åº¦æ€»ç»“(æ”¹).docx
INFO 2026-01-06 10:26:51,189 views 11948 21740 æ–‡ä»¶æ ¼å¼åŒ–å®Œæˆ
INFO 2026-01-06 10:26:51,190 views 11948 21740 åŸå§‹æ–‡ä»¶å: å¹´åº¦æ€»ç»“.docx, ç”Ÿæˆæ–‡ä»¶å: å¹´åº¦æ€»ç»“(æ”¹).docx
INFO 2026-01-06 10:26:51,280 log 11948 21740 "POST /ai_format/ HTTP/1.1" 200 528336
INFO 2026-01-06 10:37:11,976 views 11948 22680 å¼€å§‹å¤„ç†AIæ ¼å¼åŒ–è¯·æ±‚
INFO 2026-01-06 10:37:11,977 views 11948 22680 AIåŠŸèƒ½å¯ç”¨çŠ¶æ€: True
INFO 2026-01-06 10:37:11,979 views 11948 22680 å¼€å§‹æ ¼å¼åŒ–æ–‡ä»¶: D:\code\project\Format_specifications\media\uploaded_words\å¹´åº¦æ€»ç»“.docx, è¾“å‡ºåˆ°: D:\code\project\Format_specifications\media\ai_formatted_words\å¹´åº¦æ€»ç»“(æ”¹).docx
INFO 2026-01-06 10:37:13,364 ai_word_utils 11948 22680 AIæ–‡æœ¬å¤„ç†å™¨åˆå§‹åŒ–å®Œæˆ
INFO 2026-01-06 10:37:13,364 word_formatter 11948 22680 AIWordFormatteråˆå§‹åŒ–å®Œæˆï¼Œæ–‡ä»¶: D:\code\project\Format_specifications\media\uploaded_words\å¹´åº¦æ€»ç»“.docx, AIå¯ç”¨: True
INFO 2026-01-06 10:37:13,364 word_formatter 11948 22680 å¼€å§‹æ ¼å¼åŒ–æ–‡ä»¶ï¼Œè¾“å…¥: D:\code\project\Format_specifications\media\uploaded_words\å¹´åº¦æ€»ç»“.docxï¼Œè¾“å‡º: D:\code\project\Format_specifications\media\ai_formatted_words\å¹´åº¦æ€»ç»“(æ”¹).docx
INFO 2026-01-06 10:37:13,365 word_formatter 11948 22680 å¼€å§‹å¤„ç†æ‰€æœ‰æ®µè½
INFO 2026-01-06 10:37:13,365 word_formatter 11948 22680 æ£€æµ‹åˆ° 3 ä¸ªæ®µè½
INFO 2026-01-06 10:37:13,366 word_formatter 11948 22680 åˆå¹¶åŸå§‹æ–‡æœ¬ï¼Œæ€»é•¿åº¦: 309 å­—ç¬¦
INFO 2026-01-06 10:37:13,366 word_formatter 11948 22680 å¼€å§‹AIæ–‡æœ¬å¤„ç†...
INFO 2026-01-06 10:37:13,366 ai_word_utils 11948 22680 å¼€å§‹AIæ–‡æœ¬å¤„ç†ï¼ŒåŸå§‹æ–‡æœ¬é•¿åº¦: 309 å­—ç¬¦
INFO 2026-01-06 10:37:13,366 ai_word_utils 11948 22680 æ­£åœ¨è°ƒç”¨æ™ºè°±AIæ¥å£...
ERROR 2026-01-06 10:37:33,278 ai_word_utils 11948 22680 AIè¿”å›ç©ºå†…å®¹
ERROR 2026-01-06 10:37:33,278 ai_word_utils 11948 22680 AIæ–‡æœ¬å¤„ç†å¤±è´¥: AIè¿”å›ç©ºå†…å®¹ï¼Œå¤„ç†å¤±è´¥
ERROR 2026-01-06 10:37:33,280 word_formatter 11948 22680 AIå¤„ç†å‡ºé”™: AIè¿”å›ç©ºå†…å®¹ï¼Œå¤„ç†å¤±è´¥
ERROR 2026-01-06 10:37:33,280 views 11948 22680 æ ¼å¼åŒ–å¤±è´¥ï¼šAIè¿”å›ç©ºå†…å®¹ï¼Œå¤„ç†å¤±è´¥
INFO 2026-01-06 10:37:33,295 log 11948 22680 "POST /ai_format/ HTTP/1.1" 200 5067
INFO 2026-01-06 10:37:51,354 views 11948 22680 å¼€å§‹å¤„ç†AIæ ¼å¼åŒ–è¯·æ±‚
INFO 2026-01-06 10:37:51,355 views 11948 22680 AIåŠŸèƒ½å¯ç”¨çŠ¶æ€: True
INFO 2026-01-06 10:37:51,357 views 11948 22680 å¼€å§‹æ ¼å¼åŒ–æ–‡ä»¶: D:\code\project\Format_specifications\media\uploaded_words\å¹´åº¦æ€»ç»“.docx, è¾“å‡ºåˆ°: D:\code\project\Format_specifications\media\ai_formatted_words\å¹´åº¦æ€»ç»“(æ”¹).docx
INFO 2026-01-06 10:37:52,797 ai_word_utils 11948 22680 AIæ–‡æœ¬å¤„ç†å™¨åˆå§‹åŒ–å®Œæˆ
INFO 2026-01-06 10:37:52,798 word_formatter 11948 22680 AIWordFormatteråˆå§‹åŒ–å®Œæˆï¼Œæ–‡ä»¶: D:\code\project\Format_specifications\media\uploaded_words\å¹´åº¦æ€»ç»“.docx, AIå¯ç”¨: True
INFO 2026-01-06 10:37:52,798 word_formatter 11948 22680 å¼€å§‹æ ¼å¼åŒ–æ–‡ä»¶ï¼Œè¾“å…¥: D:\code\project\Format_specifications\media\uploaded_words\å¹´åº¦æ€»ç»“.docxï¼Œè¾“å‡º: D:\code\project\Format_specifications\media\ai_formatted_words\å¹´åº¦æ€»ç»“(æ”¹).docx
INFO 2026-01-06 10:37:52,798 word_formatter 11948 22680 å¼€å§‹å¤„ç†æ‰€æœ‰æ®µè½
INFO 2026-01-06 10:37:52,799 word_formatter 11948 22680 æ£€æµ‹åˆ° 3 ä¸ªæ®µè½
INFO 2026-01-06 10:37:52,799 word_formatter 11948 22680 åˆå¹¶åŸå§‹æ–‡æœ¬ï¼Œæ€»é•¿åº¦: 309 å­—ç¬¦
INFO 2026-01-06 10:37:52,800 word_formatter 11948 22680 å¼€å§‹AIæ–‡æœ¬å¤„ç†...
INFO 2026-01-06 10:37:52,800 ai_word_utils 11948 22680 å¼€å§‹AIæ–‡æœ¬å¤„ç†ï¼ŒåŸå§‹æ–‡æœ¬é•¿åº¦: 309 å­—ç¬¦
INFO 2026-01-06 10:37:52,800 ai_word_utils 11948 22680 æ­£åœ¨è°ƒç”¨æ™ºè°±AIæ¥å£...
INFO 2026-01-06 10:38:09,939 ai_word_utils 11948 22680 AIæ–‡æœ¬å¤„ç†å®Œæˆï¼Œè¿”å›æ–‡æœ¬é•¿åº¦: 345 å­—ç¬¦
INFO 2026-01-06 10:38:09,940 word_formatter 11948 22680 AIæ–‡æœ¬å¤„ç†å®Œæˆ
INFO 2026-01-06 10:38:09,941 word_formatter 11948 22680 å¤„ç†åæ®µè½æ•°: 6
INFO 2026-01-06 10:38:09,946 word_formatter 11948 22680 æ®µè½å¤„ç†å®Œæˆ
INFO 2026-01-06 10:38:09,947 word_formatter 11948 22680 å¤„ç† 0 ä¸ªè¡¨æ ¼
INFO 2026-01-06 10:38:09,948 word_formatter 11948 22680 è¡¨æ ¼å¤„ç†å®Œæˆ
INFO 2026-01-06 10:38:09,948 word_formatter 11948 22680 å¼€å§‹å¤„ç†æ–‡æ¡£ä¸­çš„å›¾ç‰‡
INFO 2026-01-06 10:38:09,950 word_formatter 11948 22680 å…±æ£€æµ‹å¹¶å¤„ç†äº† 0 å¼ å›¾ç‰‡ï¼Œå·²è®¾ç½®å±…ä¸­å¯¹é½
INFO 2026-01-06 10:38:09,950 word_formatter 11948 22680 å›¾ç‰‡å¤„ç†å®Œæˆ
INFO 2026-01-06 10:38:09,980 word_formatter 11948 22680 æ ¼å¼åŒ–å®Œæˆï¼Œæ–‡ä»¶å·²ä¿å­˜: D:\code\project\Format_specifications\media\ai_formatted_words\å¹´åº¦æ€»ç»“(æ”¹).docx
INFO 2026-01-06 10:38:09,980 views 11948 22680 æ–‡ä»¶æ ¼å¼åŒ–å®Œæˆ
INFO 2026-01-06 10:38:09,981 views 11948 22680 åŸå§‹æ–‡ä»¶å: å¹´åº¦æ€»ç»“.docx, ç”Ÿæˆæ–‡ä»¶å: å¹´åº¦æ€»ç»“(æ”¹).docx
INFO 2026-01-06 10:38:10,011 log 11948 22680 "POST /ai_format/ HTTP/1.1" 200 528904
INFO 2026-01-06 10:41:17,184 autoreload 11948 15084 D:\code\project\Format_specifications\format_specifications\views.py changed, reloading.
INFO 2026-01-06 10:41:18,253 autoreload 23336 13624 Watching for file changes with StatReloader
INFO 2026-01-06 10:41:30,948 views 23336 23000 å¼€å§‹å¤„ç†AIæ ¼å¼åŒ–è¯·æ±‚
INFO 2026-01-06 10:41:30,948 views 23336 23000 AIåŠŸèƒ½å¯ç”¨çŠ¶æ€: True
INFO 2026-01-06 10:41:30,950 views 23336 23000 å¼€å§‹æ ¼å¼åŒ–æ–‡ä»¶: D:\code\project\Format_specifications\media\uploaded_words\å¹´åº¦æ€»ç»“.docx, è¾“å‡ºåˆ°: D:\code\project\Format_specifications\media\ai_formatted_words\å¹´åº¦æ€»ç»“(æ”¹).docx
INFO 2026-01-06 10:41:32,535 ai_word_utils 23336 23000 AIæ–‡æœ¬å¤„ç†å™¨åˆå§‹åŒ–å®Œæˆ
INFO 2026-01-06 10:41:32,536 word_formatter 23336 23000 AIWordFormatteråˆå§‹åŒ–å®Œæˆï¼Œæ–‡ä»¶: D:\code\project\Format_specifications\media\uploaded_words\å¹´åº¦æ€»ç»“.docx, AIå¯ç”¨: True
INFO 2026-01-06 10:41:32,536 word_formatter 23336 23000 å¼€å§‹æ ¼å¼åŒ–æ–‡ä»¶ï¼Œè¾“å…¥: D:\code\project\Format_specifications\media\uploaded_words\å¹´åº¦æ€»ç»“.docxï¼Œè¾“å‡º: D:\code\project\Format_specifications\media\ai_formatted_words\å¹´åº¦æ€»ç»“(æ”¹).docx
INFO 2026-01-06 10:41:32,536 word_formatter 23336 23000 å¼€å§‹å¤„ç†æ‰€æœ‰æ®µè½
INFO 2026-01-06 10:41:32,537 word_formatter 23336 23000 æ£€æµ‹åˆ° 3 ä¸ªæ®µè½
INFO 2026-01-06 10:41:32,537 word_formatter 23336 23000 åˆå¹¶åŸå§‹æ–‡æœ¬ï¼Œæ€»é•¿åº¦: 309 å­—ç¬¦
INFO 2026-01-06 10:41:32,537 word_formatter 23336 23000 å¼€å§‹AIæ–‡æœ¬å¤„ç†...
INFO 2026-01-06 10:41:32,538 ai_word_utils 23336 23000 å¼€å§‹AIæ–‡æœ¬å¤„ç†ï¼ŒåŸå§‹æ–‡æœ¬é•¿åº¦: 309 å­—ç¬¦
INFO 2026-01-06 10:41:32,538 ai_word_utils 23336 23000 æ­£åœ¨è°ƒç”¨æ™ºè°±AIæ¥å£...
ERROR 2026-01-06 10:41:51,336 ai_word_utils 23336 23000 AIè¿”å›ç©ºå†…å®¹
ERROR 2026-01-06 10:41:51,337 ai_word_utils 23336 23000 AIæ–‡æœ¬å¤„ç†å¤±è´¥: AIè¿”å›ç©ºå†…å®¹ï¼Œå¤„ç†å¤±è´¥
ERROR 2026-01-06 10:41:51,337 word_formatter 23336 23000 AIå¤„ç†å‡ºé”™: AIè¿”å›ç©ºå†…å®¹ï¼Œå¤„ç†å¤±è´¥
ERROR 2026-01-06 10:41:51,337 views 23336 23000 æ ¼å¼åŒ–å¤±è´¥ï¼šAIè¿”å›ç©ºå†…å®¹ï¼Œå¤„ç†å¤±è´¥
INFO 2026-01-06 10:41:51,346 log 23336 23000 "POST /ai_format/ HTTP/1.1" 200 5067
INFO 2026-01-06 10:42:03,158 views 23336 23000 å¼€å§‹å¤„ç†AIæ ¼å¼åŒ–è¯·æ±‚
INFO 2026-01-06 10:42:03,159 views 23336 23000 AIåŠŸèƒ½å¯ç”¨çŠ¶æ€: True
INFO 2026-01-06 10:42:03,161 views 23336 23000 å¼€å§‹æ ¼å¼åŒ–æ–‡ä»¶: D:\code\project\Format_specifications\media\uploaded_words\å¹´åº¦æ€»ç»“.docx, è¾“å‡ºåˆ°: D:\code\project\Format_specifications\media\ai_formatted_words\å¹´åº¦æ€»ç»“(æ”¹).docx
INFO 2026-01-06 10:42:04,700 ai_word_utils 23336 23000 AIæ–‡æœ¬å¤„ç†å™¨åˆå§‹åŒ–å®Œæˆ
INFO 2026-01-06 10:42:04,700 word_formatter 23336 23000 AIWordFormatteråˆå§‹åŒ–å®Œæˆï¼Œæ–‡ä»¶: D:\code\project\Format_specifications\media\uploaded_words\å¹´åº¦æ€»ç»“.docx, AIå¯ç”¨: True
INFO 2026-01-06 10:42:04,700 word_formatter 23336 23000 å¼€å§‹æ ¼å¼åŒ–æ–‡ä»¶ï¼Œè¾“å…¥: D:\code\project\Format_specifications\media\uploaded_words\å¹´åº¦æ€»ç»“.docxï¼Œè¾“å‡º: D:\code\project\Format_specifications\media\ai_formatted_words\å¹´åº¦æ€»ç»“(æ”¹).docx
INFO 2026-01-06 10:42:04,701 word_formatter 23336 23000 å¼€å§‹å¤„ç†æ‰€æœ‰æ®µè½
INFO 2026-01-06 10:42:04,701 word_formatter 23336 23000 æ£€æµ‹åˆ° 3 ä¸ªæ®µè½
INFO 2026-01-06 10:42:04,701 word_formatter 23336 23000 åˆå¹¶åŸå§‹æ–‡æœ¬ï¼Œæ€»é•¿åº¦: 309 å­—ç¬¦
INFO 2026-01-06 10:42:04,702 word_formatter 23336 23000 å¼€å§‹AIæ–‡æœ¬å¤„ç†...
INFO 2026-01-06 10:42:04,702 ai_word_utils 23336 23000 å¼€å§‹AIæ–‡æœ¬å¤„ç†ï¼ŒåŸå§‹æ–‡æœ¬é•¿åº¦: 309 å­—ç¬¦
INFO 2026-01-06 10:42:04,702 ai_word_utils 23336 23000 æ­£åœ¨è°ƒç”¨æ™ºè°±AIæ¥å£...
INFO 2026-01-06 10:42:17,704 ai_word_utils 23336 23000 AIæ–‡æœ¬å¤„ç†å®Œæˆï¼Œè¿”å›æ–‡æœ¬é•¿åº¦: 417 å­—ç¬¦
INFO 2026-01-06 10:42:17,705 word_formatter 23336 23000 AIæ–‡æœ¬å¤„ç†å®Œæˆ
INFO 2026-01-06 10:42:17,705 word_formatter 23336 23000 å¤„ç†åæ®µè½æ•°: 6
INFO 2026-01-06 10:42:17,711 word_formatter 23336 23000 æ®µè½å¤„ç†å®Œæˆ
INFO 2026-01-06 10:42:17,712 word_formatter 23336 23000 å¤„ç† 0 ä¸ªè¡¨æ ¼
INFO 2026-01-06 10:42:17,712 word_formatter 23336 23000 è¡¨æ ¼å¤„ç†å®Œæˆ
INFO 2026-01-06 10:42:17,712 word_formatter 23336 23000 å¼€å§‹å¤„ç†æ–‡æ¡£ä¸­çš„å›¾ç‰‡
INFO 2026-01-06 10:42:17,713 word_formatter 23336 23000 å…±æ£€æµ‹å¹¶å¤„ç†äº† 0 å¼ å›¾ç‰‡ï¼Œå·²è®¾ç½®å±…ä¸­å¯¹é½
INFO 2026-01-06 10:42:17,714 word_formatter 23336 23000 å›¾ç‰‡å¤„ç†å®Œæˆ
INFO 2026-01-06 10:42:17,746 word_formatter 23336 23000 æ ¼å¼åŒ–å®Œæˆï¼Œæ–‡ä»¶å·²ä¿å­˜: D:\code\project\Format_specifications\media\ai_formatted_words\å¹´åº¦æ€»ç»“(æ”¹).docx
INFO 2026-01-06 10:42:17,746 views 23336 23000 æ–‡ä»¶æ ¼å¼åŒ–å®Œæˆ
INFO 2026-01-06 10:42:17,746 views 23336 23000 åŸå§‹æ–‡ä»¶å: å¹´åº¦æ€»ç»“.docx, ç”Ÿæˆæ–‡ä»¶å: å¹´åº¦æ€»ç»“(æ”¹).docx
INFO 2026-01-06 10:42:17,848 log 23336 23000 "POST /ai_format/ HTTP/1.1" 200 528910
INFO 2026-01-06 10:54:26,975 autoreload 10252 17072 Watching for file changes with StatReloader
INFO 2026-01-06 11:06:47,843 autoreload 10252 17072 D:\code\project\Format_specifications\format_specifications\views.py changed, reloading.
INFO 2026-01-06 11:06:48,860 autoreload 23500 19576 Watching for file changes with StatReloader
INFO 2026-01-06 11:07:47,912 autoreload 23500 19576 D:\code\project\Format_specifications\format_specifications\views.py changed, reloading.
INFO 2026-01-06 11:07:48,889 autoreload 16852 17280 Watching for file changes with StatReloader
INFO 2026-01-06 11:07:57,981 views 16852 20104 å¼€å§‹å¤„ç†AIæ ¼å¼åŒ–è¯·æ±‚
INFO 2026-01-06 11:07:57,982 views 16852 20104 AIåŠŸèƒ½å¯ç”¨çŠ¶æ€: True
INFO 2026-01-06 11:07:57,984 views 16852 20104 å¼€å§‹æ ¼å¼åŒ–æ–‡ä»¶: D:\code\project\Format_specifications\media\uploaded_words\å¹´åº¦æ€»ç»“.docx, è¾“å‡ºåˆ°: D:\code\project\Format_specifications\media\ai_formatted_words\å¹´åº¦æ€»ç»“(æ”¹).docx
INFO 2026-01-06 11:07:59,445 ai_word_utils 16852 20104 AIæ–‡æœ¬å¤„ç†å™¨åˆå§‹åŒ–å®Œæˆ
INFO 2026-01-06 11:07:59,446 word_formatter 16852 20104 AIWordFormatteråˆå§‹åŒ–å®Œæˆï¼Œæ–‡ä»¶: D:\code\project\Format_specifications\media\uploaded_words\å¹´åº¦æ€»ç»“.docx, AIå¯ç”¨: True
INFO 2026-01-06 11:07:59,446 word_formatter 16852 20104 å¼€å§‹æ ¼å¼åŒ–æ–‡ä»¶ï¼Œè¾“å…¥: D:\code\project\Format_specifications\media\uploaded_words\å¹´åº¦æ€»ç»“.docxï¼Œè¾“å‡º: D:\code\project\Format_specifications\media\ai_formatted_words\å¹´åº¦æ€»ç»“(æ”¹).docx
INFO 2026-01-06 11:07:59,447 word_formatter 16852 20104 å¼€å§‹å¤„ç†æ‰€æœ‰æ®µè½
INFO 2026-01-06 11:07:59,448 word_formatter 16852 20104 æ£€æµ‹åˆ° 3 ä¸ªæ®µè½
INFO 2026-01-06 11:07:59,448 word_formatter 16852 20104 åˆå¹¶åŸå§‹æ–‡æœ¬ï¼Œæ€»é•¿åº¦: 309 å­—ç¬¦
INFO 2026-01-06 11:07:59,448 word_formatter 16852 20104 å¼€å§‹AIæ–‡æœ¬å¤„ç†...
INFO 2026-01-06 11:07:59,449 ai_word_utils 16852 20104 å¼€å§‹AIæ–‡æœ¬å¤„ç†ï¼ŒåŸå§‹æ–‡æœ¬é•¿åº¦: 309 å­—ç¬¦
INFO 2026-01-06 11:07:59,449 ai_word_utils 16852 20104 æ­£åœ¨è°ƒç”¨æ™ºè°±AIæ¥å£...
ERROR 2026-01-06 11:08:17,223 ai_word_utils 16852 20104 AIè¿”å›ç©ºå†…å®¹
ERROR 2026-01-06 11:08:17,224 ai_word_utils 16852 20104 AIæ–‡æœ¬å¤„ç†å¤±è´¥: AIè¿”å›ç©ºå†…å®¹ï¼Œå¤„ç†å¤±è´¥
ERROR 2026-01-06 11:08:17,224 word_formatter 16852 20104 AIå¤„ç†å‡ºé”™: AIè¿”å›ç©ºå†…å®¹ï¼Œå¤„ç†å¤±è´¥
ERROR 2026-01-06 11:08:17,224 views 16852 20104 æ ¼å¼åŒ–å¤±è´¥ï¼šAIè¿”å›ç©ºå†…å®¹ï¼Œå¤„ç†å¤±è´¥
INFO 2026-01-06 11:08:17,226 log 16852 20104 "POST /ai_format/ HTTP/1.1" 200 100
INFO 2026-01-06 11:08:39,573 views 16852 20104 è®¿é—®ä¸Šä¼ é¡µé¢
INFO 2026-01-06 11:08:39,588 log 16852 20104 "GET / HTTP/1.1" 200 4906
INFO 2026-01-06 11:08:49,949 views 16852 20104 å¼€å§‹å¤„ç†AIæ ¼å¼åŒ–è¯·æ±‚
INFO 2026-01-06 11:08:49,949 views 16852 20104 AIåŠŸèƒ½å¯ç”¨çŠ¶æ€: True
INFO 2026-01-06 11:08:49,952 views 16852 20104 å¼€å§‹æ ¼å¼åŒ–æ–‡ä»¶: D:\code\project\Format_specifications\media\uploaded_words\å¹´åº¦æ€»ç»“.docx, è¾“å‡ºåˆ°: D:\code\project\Format_specifications\media\ai_formatted_words\å¹´åº¦æ€»ç»“(æ”¹).docx
INFO 2026-01-06 11:08:51,234 ai_word_utils 16852 20104 AIæ–‡æœ¬å¤„ç†å™¨åˆå§‹åŒ–å®Œæˆ
INFO 2026-01-06 11:08:51,234 word_formatter 16852 20104 AIWordFormatteråˆå§‹åŒ–å®Œæˆï¼Œæ–‡ä»¶: D:\code\project\Format_specifications\media\uploaded_words\å¹´åº¦æ€»ç»“.docx, AIå¯ç”¨: True
INFO 2026-01-06 11:08:51,234 word_formatter 16852 20104 å¼€å§‹æ ¼å¼åŒ–æ–‡ä»¶ï¼Œè¾“å…¥: D:\code\project\Format_specifications\media\uploaded_words\å¹´åº¦æ€»ç»“.docxï¼Œè¾“å‡º: D:\code\project\Format_specifications\media\ai_formatted_words\å¹´åº¦æ€»ç»“(æ”¹).docx
INFO 2026-01-06 11:08:51,234 word_formatter 16852 20104 å¼€å§‹å¤„ç†æ‰€æœ‰æ®µè½
INFO 2026-01-06 11:08:51,235 word_formatter 16852 20104 æ£€æµ‹åˆ° 3 ä¸ªæ®µè½
INFO 2026-01-06 11:08:51,235 word_formatter 16852 20104 åˆå¹¶åŸå§‹æ–‡æœ¬ï¼Œæ€»é•¿åº¦: 309 å­—ç¬¦
INFO 2026-01-06 11:08:51,235 word_formatter 16852 20104 å¼€å§‹AIæ–‡æœ¬å¤„ç†...
INFO 2026-01-06 11:08:51,236 ai_word_utils 16852 20104 å¼€å§‹AIæ–‡æœ¬å¤„ç†ï¼ŒåŸå§‹æ–‡æœ¬é•¿åº¦: 309 å­—ç¬¦
INFO 2026-01-06 11:08:51,236 ai_word_utils 16852 20104 æ­£åœ¨è°ƒç”¨æ™ºè°±AIæ¥å£...
ERROR 2026-01-06 11:09:10,487 ai_word_utils 16852 20104 AIè¿”å›ç©ºå†…å®¹
ERROR 2026-01-06 11:09:10,488 ai_word_utils 16852 20104 AIæ–‡æœ¬å¤„ç†å¤±è´¥: AIè¿”å›ç©ºå†…å®¹ï¼Œå¤„ç†å¤±è´¥
ERROR 2026-01-06 11:09:10,488 word_formatter 16852 20104 AIå¤„ç†å‡ºé”™: AIè¿”å›ç©ºå†…å®¹ï¼Œå¤„ç†å¤±è´¥
ERROR 2026-01-06 11:09:10,489 views 16852 20104 æ ¼å¼åŒ–å¤±è´¥ï¼šAIè¿”å›ç©ºå†…å®¹ï¼Œå¤„ç†å¤±è´¥
INFO 2026-01-06 11:09:10,490 log 16852 20104 "POST /ai_format/ HTTP/1.1" 200 100
